<?xml version="1.0" encoding="UTF-8"?>
<!-- Generated by org.testng.reporters.JUnitReportReporter -->
<testsuite hostname="DESKTOP-5VHFP6V" failures="4" tests="113" name="runner.TestNGrunner" time="801.496" errors="3" timestamp="2024-05-01T19:58:30 EDT" skipped="0">
  <testcase classname="runner.TestNGrunner" name="runScenario" time="5.511"/>
  <testcase classname="runner.TestNGrunner" name="runScenario" time="5.841"/>
  <testcase classname="runner.TestNGrunner" name="runScenario" time="13.289"/>
  <testcase classname="runner.TestNGrunner" name="runScenario" time="4.592"/>
  <testcase classname="runner.TestNGrunner" name="runScenario" time="5.348"/>
  <testcase classname="runner.TestNGrunner" name="runScenario" time="5.470"/>
  <testcase classname="runner.TestNGrunner" name="runScenario" time="5.425"/>
  <testcase classname="runner.TestNGrunner" name="runScenario" time="5.136"/>
  <testcase classname="runner.TestNGrunner" name="runScenario" time="5.332"/>
  <testcase classname="runner.TestNGrunner" name="runScenario" time="7.495"/>
  <testcase classname="runner.TestNGrunner" name="runScenario" time="5.242"/>
  <testcase classname="runner.TestNGrunner" name="runScenario" time="5.828"/>
  <testcase classname="runner.TestNGrunner" name="runScenario" time="5.209"/>
  <testcase classname="runner.TestNGrunner" name="runScenario" time="4.886"/>
  <testcase classname="runner.TestNGrunner" name="runScenario" time="5.270"/>
  <testcase classname="runner.TestNGrunner" name="runScenario" time="5.341">
    <failure message="Error message does not match expected:&lt;Please enter valid username and password&gt; but was:&lt;Invalid username and password Please try again&gt;" type="java.lang.AssertionError">
      <![CDATA[java.lang.AssertionError: Error message does not match expected:<Please enter valid username and password> but was:<Invalid username and password Please try again>
at org.testng.AssertJUnit.assertEquals(AssertJUnit.java:115)
at step_definitions.LoginValidation_Step.the_user_should_see_the_error_message_indicating_please_enter_username_and_password_in_correct_format(LoginValidation_Step.java:88)
at ✽.the user should see the error message indicating ""Please enter username and password in correct format""(file:///D:/LMS_UI/TEAM5_Validation_Vanguards_LMS_Project/src/test/resources/features/C.LoginValidation.feature:28)
]]>
    </failure>
  </testcase> <!-- runScenario -->
  <testcase classname="runner.TestNGrunner" name="runScenario" time="3.147">
    <error message="no such execution context
  (Session info: chrome=124.0.6367.92)
Build info: version: &#039;4.17.0&#039;, revision: &#039;e52b1be057*&#039;
System info: os.name: &#039;Windows 10&#039;, os.arch: &#039;amd64&#039;, os.version: &#039;10.0&#039;, java.version: &#039;14.0.1&#039;
Driver info: org.openqa.selenium.chrome.ChromeDriver
Command: [8bbe8c206402573f795ae6e0b71be94b, maximizeCurrentWindow {}]
Capabilities {acceptInsecureCerts: false, browserName: chrome, browserVersion: 124.0.6367.92, chrome: {chromedriverVersion: 124.0.6367.91 (51df0e5e17a8..., userDataDir: C:\Users\aswi1\AppData\Loca...}, fedcm:accounts: true, goog:chromeOptions: {debuggerAddress: localhost:55278}, networkConnectionEnabled: false, pageLoadStrategy: normal, platformName: windows, proxy: Proxy(), se:cdp: ws://localhost:55278/devtoo..., se:cdpVersion: 124.0.6367.92, setWindowRect: true, strictFileInteractability: false, timeouts: {implicit: 0, pageLoad: 300000, script: 30000}, unhandledPromptBehavior: dismiss and notify, webauthn:extension:credBlob: true, webauthn:extension:largeBlob: true, webauthn:extension:minPinLength: true, webauthn:extension:prf: true, webauthn:virtualAuthenticators: true}
Session ID: 8bbe8c206402573f795ae6e0b71be94b" type="org.openqa.selenium.WebDriverException">
      <![CDATA[org.openqa.selenium.WebDriverException: no such execution context
  (Session info: chrome=124.0.6367.92)
Build info: version: '4.17.0', revision: 'e52b1be057*'
System info: os.name: 'Windows 10', os.arch: 'amd64', os.version: '10.0', java.version: '14.0.1'
Driver info: org.openqa.selenium.chrome.ChromeDriver
Command: [8bbe8c206402573f795ae6e0b71be94b, maximizeCurrentWindow {}]
Capabilities {acceptInsecureCerts: false, browserName: chrome, browserVersion: 124.0.6367.92, chrome: {chromedriverVersion: 124.0.6367.91 (51df0e5e17a8..., userDataDir: C:\Users\aswi1\AppData\Loca...}, fedcm:accounts: true, goog:chromeOptions: {debuggerAddress: localhost:55278}, networkConnectionEnabled: false, pageLoadStrategy: normal, platformName: windows, proxy: Proxy(), se:cdp: ws://localhost:55278/devtoo..., se:cdpVersion: 124.0.6367.92, setWindowRect: true, strictFileInteractability: false, timeouts: {implicit: 0, pageLoad: 300000, script: 30000}, unhandledPromptBehavior: dismiss and notify, webauthn:extension:credBlob: true, webauthn:extension:largeBlob: true, webauthn:extension:minPinLength: true, webauthn:extension:prf: true, webauthn:virtualAuthenticators: true}
Session ID: 8bbe8c206402573f795ae6e0b71be94b
at java.base/jdk.internal.reflect.NativeConstructorAccessorImpl.newInstance0(Native Method)
at java.base/jdk.internal.reflect.NativeConstructorAccessorImpl.newInstance(NativeConstructorAccessorImpl.java:62)
at java.base/jdk.internal.reflect.DelegatingConstructorAccessorImpl.newInstance(DelegatingConstructorAccessorImpl.java:45)
at java.base/java.lang.reflect.Constructor.newInstanceWithCaller(Constructor.java:500)
at java.base/java.lang.reflect.Constructor.newInstance(Constructor.java:481)
at org.openqa.selenium.remote.codec.w3c.W3CHttpResponseCodec.createException(W3CHttpResponseCodec.java:185)
at org.openqa.selenium.remote.codec.w3c.W3CHttpResponseCodec.decode(W3CHttpResponseCodec.java:134)
at org.openqa.selenium.remote.codec.w3c.W3CHttpResponseCodec.decode(W3CHttpResponseCodec.java:51)
at org.openqa.selenium.remote.HttpCommandExecutor.execute(HttpCommandExecutor.java:190)
at org.openqa.selenium.remote.service.DriverCommandExecutor.invokeExecute(DriverCommandExecutor.java:216)
at org.openqa.selenium.remote.service.DriverCommandExecutor.execute(DriverCommandExecutor.java:174)
at org.openqa.selenium.remote.RemoteWebDriver.execute(RemoteWebDriver.java:519)
at org.openqa.selenium.remote.RemoteWebDriver.execute(RemoteWebDriver.java:592)
at org.openqa.selenium.remote.RemoteWebDriver.execute(RemoteWebDriver.java:596)
at org.openqa.selenium.remote.RemoteWebDriver$RemoteWebDriverOptions$RemoteWindow.maximize(RemoteWebDriver.java:1035)
at app_hooks.AppHooks.setUp(AppHooks.java:37)
]]>
    </error>
  </testcase> <!-- runScenario -->
  <testcase classname="runner.TestNGrunner" name="runScenario" time="15.972"/>
  <testcase classname="runner.TestNGrunner" name="runScenario" time="5.918"/>
  <testcase classname="runner.TestNGrunner" name="runScenario" time="5.654"/>
  <testcase classname="runner.TestNGrunner" name="runScenario" time="6.786"/>
  <testcase classname="runner.TestNGrunner" name="runScenario" time="6.117"/>
  <testcase classname="runner.TestNGrunner" name="runScenario" time="4.912"/>
  <testcase classname="runner.TestNGrunner" name="runScenario" time="4.848"/>
  <testcase classname="runner.TestNGrunner" name="runScenario" time="18.462"/>
  <testcase classname="runner.TestNGrunner" name="runScenario" time="6.202"/>
  <testcase classname="runner.TestNGrunner" name="runScenario" time="6.212"/>
  <testcase classname="runner.TestNGrunner" name="runScenario" time="14.040"/>
  <testcase classname="runner.TestNGrunner" name="runScenario" time="5.376"/>
  <testcase classname="runner.TestNGrunner" name="runScenario" time="5.283"/>
  <testcase classname="runner.TestNGrunner" name="runScenario" time="5.741"/>
  <testcase classname="runner.TestNGrunner" name="runScenario" time="5.238"/>
  <testcase classname="runner.TestNGrunner" name="runScenario" time="5.588"/>
  <testcase classname="runner.TestNGrunner" name="runScenario" time="5.003"/>
  <testcase classname="runner.TestNGrunner" name="runScenario" time="5.434"/>
  <testcase classname="runner.TestNGrunner" name="runScenario" time="5.175"/>
  <testcase classname="runner.TestNGrunner" name="runScenario" time="5.328"/>
  <testcase classname="runner.TestNGrunner" name="runScenario" time="5.532"/>
  <testcase classname="runner.TestNGrunner" name="runScenario" time="5.685"/>
  <testcase classname="runner.TestNGrunner" name="runScenario" time="15.358"/>
  <testcase classname="runner.TestNGrunner" name="runScenario" time="6.313"/>
  <testcase classname="runner.TestNGrunner" name="runScenario" time="4.830"/>
  <testcase classname="runner.TestNGrunner" name="runScenario" time="8.371"/>
  <testcase classname="runner.TestNGrunner" name="runScenario" time="8.658"/>
  <testcase classname="runner.TestNGrunner" name="runScenario" time="4.442"/>
  <testcase classname="runner.TestNGrunner" name="runScenario" time="5.461"/>
  <testcase classname="runner.TestNGrunner" name="runScenario" time="5.237"/>
  <testcase classname="runner.TestNGrunner" name="runScenario" time="9.508"/>
  <testcase classname="runner.TestNGrunner" name="runScenario" time="4.774"/>
  <testcase classname="runner.TestNGrunner" name="runScenario" time="5.098"/>
  <testcase classname="runner.TestNGrunner" name="runScenario" time="5.465"/>
  <testcase classname="runner.TestNGrunner" name="runScenario" time="32.115"/>
  <testcase classname="runner.TestNGrunner" name="runScenario" time="5.938"/>
  <testcase classname="runner.TestNGrunner" name="runScenario" time="5.040"/>
  <testcase classname="runner.TestNGrunner" name="runScenario" time="5.432"/>
  <testcase classname="runner.TestNGrunner" name="runScenario" time="5.465"/>
  <testcase classname="runner.TestNGrunner" name="runScenario" time="5.255"/>
  <testcase classname="runner.TestNGrunner" name="runScenario" time="5.644"/>
  <testcase classname="runner.TestNGrunner" name="runScenario" time="5.540"/>
  <testcase classname="runner.TestNGrunner" name="runScenario" time="5.756"/>
  <testcase classname="runner.TestNGrunner" name="runScenario" time="4.650"/>
  <testcase classname="runner.TestNGrunner" name="runScenario" time="5.638"/>
  <testcase classname="runner.TestNGrunner" name="runScenario" time="41.183"/>
  <testcase classname="runner.TestNGrunner" name="runScenario" time="4.545"/>
  <testcase classname="runner.TestNGrunner" name="runScenario" time="4.952"/>
  <testcase classname="runner.TestNGrunner" name="runScenario" time="5.231"/>
  <testcase classname="runner.TestNGrunner" name="runScenario" time="4.600"/>
  <testcase classname="runner.TestNGrunner" name="runScenario" time="4.499"/>
  <testcase classname="runner.TestNGrunner" name="runScenario" time="4.758"/>
  <testcase classname="runner.TestNGrunner" name="runScenario" time="5.134"/>
  <testcase classname="runner.TestNGrunner" name="runScenario" time="4.689"/>
  <testcase classname="runner.TestNGrunner" name="runScenario" time="5.633"/>
  <testcase classname="runner.TestNGrunner" name="runScenario" time="5.422"/>
  <testcase classname="runner.TestNGrunner" name="runScenario" time="11.894"/>
  <testcase classname="runner.TestNGrunner" name="runScenario" time="6.109"/>
  <testcase classname="runner.TestNGrunner" name="runScenario" time="5.285"/>
  <testcase classname="runner.TestNGrunner" name="runScenario" time="5.156"/>
  <testcase classname="runner.TestNGrunner" name="runScenario" time="11.393"/>
  <testcase classname="runner.TestNGrunner" name="runScenario" time="5.035"/>
  <testcase classname="runner.TestNGrunner" name="runScenario" time="5.209"/>
  <testcase classname="runner.TestNGrunner" name="runScenario" time="20.043">
    <error message="no such element: Unable to locate element: {&quot;method&quot;:&quot;xpath&quot;,&quot;selector&quot;:&quot;//button[@icon = &#039;pi pi-times&#039;]&quot;}
  (Session info: chrome=124.0.6367.92)
For documentation on this error, please visit: https://www.selenium.dev/documentation/webdriver/troubleshooting/errors#no-such-element-exception
Build info: version: &#039;4.17.0&#039;, revision: &#039;e52b1be057*&#039;
System info: os.name: &#039;Windows 10&#039;, os.arch: &#039;amd64&#039;, os.version: &#039;10.0&#039;, java.version: &#039;14.0.1&#039;
Driver info: org.openqa.selenium.chrome.ChromeDriver
Command: [1bf5f42fb46fe4a332e8a0a7b6550ad4, findElement {using=xpath, value=//button[@icon = &#039;pi pi-times&#039;]}]
Capabilities {acceptInsecureCerts: false, browserName: chrome, browserVersion: 124.0.6367.92, chrome: {chromedriverVersion: 124.0.6367.91 (51df0e5e17a8..., userDataDir: C:\Users\aswi1\AppData\Loca...}, fedcm:accounts: true, goog:chromeOptions: {debuggerAddress: localhost:55088}, networkConnectionEnabled: false, pageLoadStrategy: normal, platformName: windows, proxy: Proxy(), se:cdp: ws://localhost:55088/devtoo..., se:cdpVersion: 124.0.6367.92, setWindowRect: true, strictFileInteractability: false, timeouts: {implicit: 0, pageLoad: 300000, script: 30000}, unhandledPromptBehavior: dismiss and notify, webauthn:extension:credBlob: true, webauthn:extension:largeBlob: true, webauthn:extension:minPinLength: true, webauthn:extension:prf: true, webauthn:virtualAuthenticators: true}
Session ID: 1bf5f42fb46fe4a332e8a0a7b6550ad4" type="org.openqa.selenium.NoSuchElementException">
      <![CDATA[org.openqa.selenium.NoSuchElementException: no such element: Unable to locate element: {"method":"xpath","selector":"//button[@icon = 'pi pi-times']"}
  (Session info: chrome=124.0.6367.92)
For documentation on this error, please visit: https://www.selenium.dev/documentation/webdriver/troubleshooting/errors#no-such-element-exception
Build info: version: '4.17.0', revision: 'e52b1be057*'
System info: os.name: 'Windows 10', os.arch: 'amd64', os.version: '10.0', java.version: '14.0.1'
Driver info: org.openqa.selenium.chrome.ChromeDriver
Command: [1bf5f42fb46fe4a332e8a0a7b6550ad4, findElement {using=xpath, value=//button[@icon = 'pi pi-times']}]
Capabilities {acceptInsecureCerts: false, browserName: chrome, browserVersion: 124.0.6367.92, chrome: {chromedriverVersion: 124.0.6367.91 (51df0e5e17a8..., userDataDir: C:\Users\aswi1\AppData\Loca...}, fedcm:accounts: true, goog:chromeOptions: {debuggerAddress: localhost:55088}, networkConnectionEnabled: false, pageLoadStrategy: normal, platformName: windows, proxy: Proxy(), se:cdp: ws://localhost:55088/devtoo..., se:cdpVersion: 124.0.6367.92, setWindowRect: true, strictFileInteractability: false, timeouts: {implicit: 0, pageLoad: 300000, script: 30000}, unhandledPromptBehavior: dismiss and notify, webauthn:extension:credBlob: true, webauthn:extension:largeBlob: true, webauthn:extension:minPinLength: true, webauthn:extension:prf: true, webauthn:virtualAuthenticators: true}
Session ID: 1bf5f42fb46fe4a332e8a0a7b6550ad4
at java.base/jdk.internal.reflect.NativeConstructorAccessorImpl.newInstance0(Native Method)
at java.base/jdk.internal.reflect.NativeConstructorAccessorImpl.newInstance(NativeConstructorAccessorImpl.java:62)
at java.base/jdk.internal.reflect.DelegatingConstructorAccessorImpl.newInstance(DelegatingConstructorAccessorImpl.java:45)
at java.base/java.lang.reflect.Constructor.newInstanceWithCaller(Constructor.java:500)
at java.base/java.lang.reflect.Constructor.newInstance(Constructor.java:481)
at org.openqa.selenium.remote.codec.w3c.W3CHttpResponseCodec.createException(W3CHttpResponseCodec.java:185)
at org.openqa.selenium.remote.codec.w3c.W3CHttpResponseCodec.decode(W3CHttpResponseCodec.java:134)
at org.openqa.selenium.remote.codec.w3c.W3CHttpResponseCodec.decode(W3CHttpResponseCodec.java:51)
at org.openqa.selenium.remote.HttpCommandExecutor.execute(HttpCommandExecutor.java:190)
at org.openqa.selenium.remote.service.DriverCommandExecutor.invokeExecute(DriverCommandExecutor.java:216)
at org.openqa.selenium.remote.service.DriverCommandExecutor.execute(DriverCommandExecutor.java:174)
at org.openqa.selenium.remote.RemoteWebDriver.execute(RemoteWebDriver.java:519)
at org.openqa.selenium.remote.ElementLocation$ElementFinder$2.findElement(ElementLocation.java:165)
at org.openqa.selenium.remote.ElementLocation.findElement(ElementLocation.java:59)
at org.openqa.selenium.remote.RemoteWebDriver.findElement(RemoteWebDriver.java:356)
at org.openqa.selenium.remote.RemoteWebDriver.findElement(RemoteWebDriver.java:350)
at pages.Program_Delete_Page.cancelicon(Program_Delete_Page.java:80)
at step_definitions.Program_Delete_Step.admin_clicks_cancel_icon_on_deletion_alert(Program_Delete_Step.java:77)
at ✽.Admin clicks Cancel Icon on Deletion alert(file:///D:/LMS_UI/TEAM5_Validation_Vanguards_LMS_Project/src/test/resources/features/I.Program_Delete.feature:37)
]]>
    </error>
  </testcase> <!-- runScenario -->
  <testcase classname="runner.TestNGrunner" name="runScenario" time="4.938">
    <failure message="Error message does not match expected:&lt;Invalid username and password. Please try again.&gt; but was:&lt;&gt;" type="java.lang.AssertionError">
      <![CDATA[java.lang.AssertionError: Error message does not match expected:<Invalid username and password. Please try again.> but was:<>
at org.testng.AssertJUnit.assertEquals(AssertJUnit.java:115)
at step_definitions.LoginValidation_Step.the_user_should_see_the_error_message_indicating_Invalid_password_please_try_again(LoginValidation_Step.java:96)
at ✽.the user should see the error message indicating ""Invalid password Please try again""(file:///D:/LMS_UI/TEAM5_Validation_Vanguards_LMS_Project/src/test/resources/features/C.LoginValidation.feature:28)
]]>
    </failure>
  </testcase> <!-- runScenario -->
  <testcase classname="runner.TestNGrunner" name="runScenario" time="5.208"/>
  <testcase classname="runner.TestNGrunner" name="runScenario" time="5.633"/>
  <testcase classname="runner.TestNGrunner" name="runScenario" time="5.438"/>
  <testcase classname="runner.TestNGrunner" name="runScenario" time="5.366"/>
  <testcase classname="runner.TestNGrunner" name="runScenario" time="5.305"/>
  <testcase classname="runner.TestNGrunner" name="runScenario" time="5.685"/>
  <testcase classname="runner.TestNGrunner" name="runScenario" time="20.107"/>
  <testcase classname="runner.TestNGrunner" name="runScenario" time="4.575"/>
  <testcase classname="runner.TestNGrunner" name="runScenario" time="5.953"/>
  <testcase classname="runner.TestNGrunner" name="runScenario" time="5.096"/>
  <testcase classname="runner.TestNGrunner" name="runScenario" time="5.966"/>
  <testcase classname="runner.TestNGrunner" name="runScenario" time="5.212"/>
  <testcase classname="runner.TestNGrunner" name="runScenario" time="5.392"/>
  <testcase classname="runner.TestNGrunner" name="runScenario" time="4.930">
    <failure message="Error message does not match expected:&lt;Please enter the username in correct format&gt; but was:&lt;&gt;" type="java.lang.AssertionError">
      <![CDATA[java.lang.AssertionError: Error message does not match expected:<Please enter the username in correct format> but was:<>
at org.testng.AssertJUnit.assertEquals(AssertJUnit.java:115)
at step_definitions.LoginValidation_Step.the_user_should_see_the_error_message_indicating_please_enter_the_username_in_correct_format(LoginValidation_Step.java:105)
at ✽.the user should see the error message indicating ""Please enter the username in correct format""(file:///D:/LMS_UI/TEAM5_Validation_Vanguards_LMS_Project/src/test/resources/features/C.LoginValidation.feature:28)
]]>
    </failure>
  </testcase> <!-- runScenario -->
  <testcase classname="runner.TestNGrunner" name="runScenario" time="5.072"/>
  <testcase classname="runner.TestNGrunner" name="runScenario" time="5.241"/>
  <testcase classname="runner.TestNGrunner" name="runScenario" time="5.563"/>
  <testcase classname="runner.TestNGrunner" name="runScenario" time="20.168"/>
  <testcase classname="runner.TestNGrunner" name="runScenario" time="5.224"/>
  <testcase classname="runner.TestNGrunner" name="runScenario" time="5.428"/>
  <testcase classname="runner.TestNGrunner" name="runScenario" time="5.159"/>
  <testcase classname="runner.TestNGrunner" name="runScenario" time="6.266"/>
  <testcase classname="runner.TestNGrunner" name="runScenario" time="7.757"/>
  <testcase classname="runner.TestNGrunner" name="runScenario" time="6.105"/>
  <testcase classname="runner.TestNGrunner" name="runScenario" time="13.180"/>
  <testcase classname="runner.TestNGrunner" name="runScenario" time="13.768"/>
  <testcase classname="runner.TestNGrunner" name="runScenario" time="4.633">
    <failure message="Error message does not match expected:&lt;Please enter your username and password&gt; but was:&lt;Please fill out this field.&gt;" type="java.lang.AssertionError">
      <![CDATA[java.lang.AssertionError: Error message does not match expected:<Please enter your username and password> but was:<Please fill out this field.>
at org.testng.AssertJUnit.assertEquals(AssertJUnit.java:115)
at step_definitions.LoginValidation_Step.the_user_should_see_the_error_message_indicating_please_fill_out_this_field(LoginValidation_Step.java:118)
at ✽.the user should see the error message indicating ""Please fill out this field.""(file:///D:/LMS_UI/TEAM5_Validation_Vanguards_LMS_Project/src/test/resources/features/C.LoginValidation.feature:28)
]]>
    </failure>
  </testcase> <!-- runScenario -->
  <testcase classname="runner.TestNGrunner" name="runScenario" time="2.957">
    <error message="no such execution context
  (Session info: chrome=124.0.6367.92)
Build info: version: &#039;4.17.0&#039;, revision: &#039;e52b1be057*&#039;
System info: os.name: &#039;Windows 10&#039;, os.arch: &#039;amd64&#039;, os.version: &#039;10.0&#039;, java.version: &#039;14.0.1&#039;
Driver info: org.openqa.selenium.chrome.ChromeDriver
Command: [3081ccba5c3aec25e2e2c177e3c07dba, maximizeCurrentWindow {}]
Capabilities {acceptInsecureCerts: false, browserName: chrome, browserVersion: 124.0.6367.92, chrome: {chromedriverVersion: 124.0.6367.91 (51df0e5e17a8..., userDataDir: C:\Users\aswi1\AppData\Loca...}, fedcm:accounts: true, goog:chromeOptions: {debuggerAddress: localhost:55178}, networkConnectionEnabled: false, pageLoadStrategy: normal, platformName: windows, proxy: Proxy(), se:cdp: ws://localhost:55178/devtoo..., se:cdpVersion: 124.0.6367.92, setWindowRect: true, strictFileInteractability: false, timeouts: {implicit: 0, pageLoad: 300000, script: 30000}, unhandledPromptBehavior: dismiss and notify, webauthn:extension:credBlob: true, webauthn:extension:largeBlob: true, webauthn:extension:minPinLength: true, webauthn:extension:prf: true, webauthn:virtualAuthenticators: true}
Session ID: 3081ccba5c3aec25e2e2c177e3c07dba" type="org.openqa.selenium.WebDriverException">
      <![CDATA[org.openqa.selenium.WebDriverException: no such execution context
  (Session info: chrome=124.0.6367.92)
Build info: version: '4.17.0', revision: 'e52b1be057*'
System info: os.name: 'Windows 10', os.arch: 'amd64', os.version: '10.0', java.version: '14.0.1'
Driver info: org.openqa.selenium.chrome.ChromeDriver
Command: [3081ccba5c3aec25e2e2c177e3c07dba, maximizeCurrentWindow {}]
Capabilities {acceptInsecureCerts: false, browserName: chrome, browserVersion: 124.0.6367.92, chrome: {chromedriverVersion: 124.0.6367.91 (51df0e5e17a8..., userDataDir: C:\Users\aswi1\AppData\Loca...}, fedcm:accounts: true, goog:chromeOptions: {debuggerAddress: localhost:55178}, networkConnectionEnabled: false, pageLoadStrategy: normal, platformName: windows, proxy: Proxy(), se:cdp: ws://localhost:55178/devtoo..., se:cdpVersion: 124.0.6367.92, setWindowRect: true, strictFileInteractability: false, timeouts: {implicit: 0, pageLoad: 300000, script: 30000}, unhandledPromptBehavior: dismiss and notify, webauthn:extension:credBlob: true, webauthn:extension:largeBlob: true, webauthn:extension:minPinLength: true, webauthn:extension:prf: true, webauthn:virtualAuthenticators: true}
Session ID: 3081ccba5c3aec25e2e2c177e3c07dba
at java.base/jdk.internal.reflect.NativeConstructorAccessorImpl.newInstance0(Native Method)
at java.base/jdk.internal.reflect.NativeConstructorAccessorImpl.newInstance(NativeConstructorAccessorImpl.java:62)
at java.base/jdk.internal.reflect.DelegatingConstructorAccessorImpl.newInstance(DelegatingConstructorAccessorImpl.java:45)
at java.base/java.lang.reflect.Constructor.newInstanceWithCaller(Constructor.java:500)
at java.base/java.lang.reflect.Constructor.newInstance(Constructor.java:481)
at org.openqa.selenium.remote.codec.w3c.W3CHttpResponseCodec.createException(W3CHttpResponseCodec.java:185)
at org.openqa.selenium.remote.codec.w3c.W3CHttpResponseCodec.decode(W3CHttpResponseCodec.java:134)
at org.openqa.selenium.remote.codec.w3c.W3CHttpResponseCodec.decode(W3CHttpResponseCodec.java:51)
at org.openqa.selenium.remote.HttpCommandExecutor.execute(HttpCommandExecutor.java:190)
at org.openqa.selenium.remote.service.DriverCommandExecutor.invokeExecute(DriverCommandExecutor.java:216)
at org.openqa.selenium.remote.service.DriverCommandExecutor.execute(DriverCommandExecutor.java:174)
at org.openqa.selenium.remote.RemoteWebDriver.execute(RemoteWebDriver.java:519)
at org.openqa.selenium.remote.RemoteWebDriver.execute(RemoteWebDriver.java:592)
at org.openqa.selenium.remote.RemoteWebDriver.execute(RemoteWebDriver.java:596)
at org.openqa.selenium.remote.RemoteWebDriver$RemoteWebDriverOptions$RemoteWindow.maximize(RemoteWebDriver.java:1035)
at app_hooks.AppHooks.setUp(AppHooks.java:37)
]]>
    </error>
  </testcase> <!-- runScenario -->
  <testcase classname="runner.TestNGrunner" name="runScenario" time="5.306"/>
  <testcase classname="runner.TestNGrunner" name="runScenario" time="5.737"/>
  <testcase classname="runner.TestNGrunner" name="runScenario" time="5.502"/>
</testsuite> <!-- runner.TestNGrunner -->
